<?xml version="1.0" encoding="UTF-8"?>
<!-- Generated by org.testng.reporters.JUnitXMLReporter -->
<testsuite ignored="0" hostname="NandhiniBS" failures="0" tests="3" name="Search Functionality Test" time="46.093" errors="0" timestamp="2025-02-28T15:24:53 IST">
  <testcase classname="tests.SearchTest" name="testSearchFunctionality" time="7.653"/>
  <testcase classname="tests.SearchTest" name="testSearchFunctionality" time="11.148"/>
  <testcase classname="tests.SearchTest" name="testSearchFunctionality" time="9.602"/>
</testsuite> <!-- Search Functionality Test -->
