<?xml version="1.0" encoding="UTF-8"?>
<testng-results ignored="0" total="3" passed="3" failed="0" skipped="0">
  <reporter-output>
  </reporter-output>
  <suite started-at="2025-02-28T15:24:07 IST" name="Search Test Suite" finished-at="2025-02-28T15:24:53 IST" duration-ms="46093">
    <groups>
    </groups>
    <test started-at="2025-02-28T15:24:07 IST" name="Search Functionality Test" finished-at="2025-02-28T15:24:53 IST" duration-ms="46093">
      <class name="tests.SearchTest">
        <test-method is-config="true" signature="setup(java.lang.String)[pri:0, instance:tests.SearchTest@6b98a075]" started-at="2025-02-28T15:24:07 IST" name="setup" finished-at="2025-02-28T15:24:16 IST" duration-ms="9275" status="PASS">
          <params>
            <param index="0">
              <value>
                <![CDATA[chrome]]>
              </value>
            </param>
          </params>
          <reporter-output>
          </reporter-output>
        </test-method> <!-- setup -->
        <test-method signature="testSearchFunctionality(java.lang.String)[pri:0, instance:tests.SearchTest@6b98a075]" started-at="2025-02-28T15:24:16 IST" name="testSearchFunctionality" data-provider="searchKeywords" finished-at="2025-02-28T15:24:24 IST" duration-ms="7653" status="PASS">
          <params>
            <param index="0">
              <value>
                <![CDATA[mobile]]>
              </value>
            </param>
          </params>
          <reporter-output>
          </reporter-output>
        </test-method> <!-- testSearchFunctionality -->
        <test-method is-config="true" signature="tearDown()[pri:0, instance:tests.SearchTest@6b98a075]" started-at="2025-02-28T15:24:24 IST" name="tearDown" finished-at="2025-02-28T15:24:26 IST" duration-ms="2749" status="PASS">
          <reporter-output>
          </reporter-output>
        </test-method> <!-- tearDown -->
        <test-method is-config="true" signature="setup(java.lang.String)[pri:0, instance:tests.SearchTest@6b98a075]" started-at="2025-02-28T15:24:26 IST" name="setup" finished-at="2025-02-28T15:24:29 IST" duration-ms="2290" status="PASS">
          <params>
            <param index="0">
              <value>
                <![CDATA[chrome]]>
              </value>
            </param>
          </params>
          <reporter-output>
          </reporter-output>
        </test-method> <!-- setup -->
        <test-method signature="testSearchFunctionality(java.lang.String)[pri:0, instance:tests.SearchTest@6b98a075]" started-at="2025-02-28T15:24:29 IST" name="testSearchFunctionality" data-provider="searchKeywords" finished-at="2025-02-28T15:24:40 IST" duration-ms="11148" status="PASS">
          <params>
            <param index="0">
              <value>
                <![CDATA[python]]>
              </value>
            </param>
          </params>
          <reporter-output>
          </reporter-output>
        </test-method> <!-- testSearchFunctionality -->
        <test-method is-config="true" signature="tearDown()[pri:0, instance:tests.SearchTest@6b98a075]" started-at="2025-02-28T15:24:40 IST" name="tearDown" finished-at="2025-02-28T15:24:41 IST" duration-ms="550" status="PASS">
          <reporter-output>
          </reporter-output>
        </test-method> <!-- tearDown -->
        <test-method is-config="true" signature="setup(java.lang.String)[pri:0, instance:tests.SearchTest@6b98a075]" started-at="2025-02-28T15:24:41 IST" name="setup" finished-at="2025-02-28T15:24:43 IST" duration-ms="2182" status="PASS">
          <params>
            <param index="0">
              <value>
                <![CDATA[chrome]]>
              </value>
            </param>
          </params>
          <reporter-output>
          </reporter-output>
        </test-method> <!-- setup -->
        <test-method signature="testSearchFunctionality(java.lang.String)[pri:0, instance:tests.SearchTest@6b98a075]" started-at="2025-02-28T15:24:43 IST" name="testSearchFunctionality" data-provider="searchKeywords" finished-at="2025-02-28T15:24:52 IST" duration-ms="9602" status="PASS">
          <params>
            <param index="0">
              <value>
                <![CDATA[job]]>
              </value>
            </param>
          </params>
          <reporter-output>
          </reporter-output>
        </test-method> <!-- testSearchFunctionality -->
        <test-method is-config="true" signature="tearDown()[pri:0, instance:tests.SearchTest@6b98a075]" started-at="2025-02-28T15:24:52 IST" name="tearDown" finished-at="2025-02-28T15:24:53 IST" duration-ms="457" status="PASS">
          <reporter-output>
          </reporter-output>
        </test-method> <!-- tearDown -->
      </class> <!-- tests.SearchTest -->
    </test> <!-- Search Functionality Test -->
  </suite> <!-- Search Test Suite -->
</testng-results>
