<?xml version="1.0" encoding="UTF-8"?>
<testng-results ignored="0" total="3" passed="3" failed="0" skipped="0">
  <reporter-output>
  </reporter-output>
  <suite started-at="2025-02-28T16:54:33 IST" name="Search Test Suite" finished-at="2025-02-28T16:55:11 IST" duration-ms="37987">
    <groups>
    </groups>
    <test started-at="2025-02-28T16:54:33 IST" name="Search Functionality Test" finished-at="2025-02-28T16:55:11 IST" duration-ms="37987">
      <class name="tests.SearchTest">
        <test-method is-config="true" signature="setup(java.lang.String)[pri:0, instance:tests.SearchTest@6b98a075]" started-at="2025-02-28T16:54:33 IST" name="setup" finished-at="2025-02-28T16:54:39 IST" duration-ms="6182" status="PASS">
          <params>
            <param index="0">
              <value>
                <![CDATA[chrome]]>
              </value>
            </param>
          </params>
          <reporter-output>
          </reporter-output>
        </test-method> <!-- setup -->
        <test-method signature="testSearchFunctionality(java.lang.String)[pri:0, instance:tests.SearchTest@6b98a075]" started-at="2025-02-28T16:54:39 IST" name="testSearchFunctionality" data-provider="searchKeywords" finished-at="2025-02-28T16:54:46 IST" duration-ms="6629" status="PASS">
          <params>
            <param index="0">
              <value>
                <![CDATA[mobile]]>
              </value>
            </param>
          </params>
          <reporter-output>
          </reporter-output>
        </test-method> <!-- testSearchFunctionality -->
        <test-method is-config="true" signature="tearDown()[pri:0, instance:tests.SearchTest@6b98a075]" started-at="2025-02-28T16:54:46 IST" name="tearDown" finished-at="2025-02-28T16:54:46 IST" duration-ms="254" status="PASS">
          <reporter-output>
          </reporter-output>
        </test-method> <!-- tearDown -->
        <test-method is-config="true" signature="setup(java.lang.String)[pri:0, instance:tests.SearchTest@6b98a075]" started-at="2025-02-28T16:54:46 IST" name="setup" finished-at="2025-02-28T16:54:50 IST" duration-ms="4551" status="PASS">
          <params>
            <param index="0">
              <value>
                <![CDATA[chrome]]>
              </value>
            </param>
          </params>
          <reporter-output>
          </reporter-output>
        </test-method> <!-- setup -->
        <test-method signature="testSearchFunctionality(java.lang.String)[pri:0, instance:tests.SearchTest@6b98a075]" started-at="2025-02-28T16:54:50 IST" name="testSearchFunctionality" data-provider="searchKeywords" finished-at="2025-02-28T16:54:57 IST" duration-ms="6543" status="PASS">
          <params>
            <param index="0">
              <value>
                <![CDATA[python]]>
              </value>
            </param>
          </params>
          <reporter-output>
          </reporter-output>
        </test-method> <!-- testSearchFunctionality -->
        <test-method is-config="true" signature="tearDown()[pri:0, instance:tests.SearchTest@6b98a075]" started-at="2025-02-28T16:54:57 IST" name="tearDown" finished-at="2025-02-28T16:54:57 IST" duration-ms="220" status="PASS">
          <reporter-output>
          </reporter-output>
        </test-method> <!-- tearDown -->
        <test-method is-config="true" signature="setup(java.lang.String)[pri:0, instance:tests.SearchTest@6b98a075]" started-at="2025-02-28T16:54:57 IST" name="setup" finished-at="2025-02-28T16:55:03 IST" duration-ms="5297" status="PASS">
          <params>
            <param index="0">
              <value>
                <![CDATA[chrome]]>
              </value>
            </param>
          </params>
          <reporter-output>
          </reporter-output>
        </test-method> <!-- setup -->
        <test-method signature="testSearchFunctionality(java.lang.String)[pri:0, instance:tests.SearchTest@6b98a075]" started-at="2025-02-28T16:55:03 IST" name="testSearchFunctionality" data-provider="searchKeywords" finished-at="2025-02-28T16:55:09 IST" duration-ms="6524" status="PASS">
          <params>
            <param index="0">
              <value>
                <![CDATA[job]]>
              </value>
            </param>
          </params>
          <reporter-output>
          </reporter-output>
        </test-method> <!-- testSearchFunctionality -->
        <test-method is-config="true" signature="tearDown()[pri:0, instance:tests.SearchTest@6b98a075]" started-at="2025-02-28T16:55:09 IST" name="tearDown" finished-at="2025-02-28T16:55:11 IST" duration-ms="1725" status="PASS">
          <reporter-output>
          </reporter-output>
        </test-method> <!-- tearDown -->
      </class> <!-- tests.SearchTest -->
    </test> <!-- Search Functionality Test -->
  </suite> <!-- Search Test Suite -->
</testng-results>
